<?xml version="1.0" encoding="UTF-8"?>
<testng-results ignored="0" total="2" passed="2" failed="0" skipped="0">
  <reporter-output>
    <line>
      <![CDATA[lauching the facebook.....]]>
    </line>
    <line>
      <![CDATA[lauching the instagram.....]]>
    </line>
  </reporter-output>
  <suite started-at="2023-07-05T21:43:54 IST" name="Suite" finished-at="2023-07-05T21:44:07 IST" duration-ms="12429">
    <groups>
    </groups>
    <test started-at="2023-07-05T21:43:54 IST" name="Test" finished-at="2023-07-05T21:44:07 IST" duration-ms="12429">
      <class name="practicepackage.Facebook">
        <test-method signature="FB()[pri:0, instance:practicepackage.Facebook@7b36aa0c]" started-at="2023-07-05T21:43:54 IST" name="FB" finished-at="2023-07-05T21:44:01 IST" duration-ms="6853" status="PASS">
          <reporter-output>
            <line>
              <![CDATA[lauching the facebook.....]]>
            </line>
          </reporter-output>
        </test-method> <!-- FB -->
      </class> <!-- practicepackage.Facebook -->
      <class name="practicepackage.instagram">
        <test-method signature="insta()[pri:0, instance:practicepackage.instagram@60099951]" started-at="2023-07-05T21:44:01 IST" name="insta" finished-at="2023-07-05T21:44:07 IST" duration-ms="5423" status="PASS">
          <reporter-output>
            <line>
              <![CDATA[lauching the instagram.....]]>
            </line>
          </reporter-output>
        </test-method> <!-- insta -->
      </class> <!-- practicepackage.instagram -->
    </test> <!-- Test -->
  </suite> <!-- Suite -->
</testng-results>
